<?xml version="1.0" encoding="UTF-8"?>
<!-- Generated by org.testng.reporters.JUnitReportReporter -->
<testsuite hostname="LAPTOP-PROF89OK" failures="0" tests="2" name="Project.BeforeAndAfter" time="9.670" errors="0" timestamp="2023-03-29T11:18:29 IST" skipped="0">
  <testcase classname="Project.BeforeAndAfter" name="f3" time="5.447"/>
  <system-out/>
  <testcase classname="Project.BeforeAndAfter" name="f4" time="4.223"/>
  <system-out/>
</testsuite> <!-- Project.BeforeAndAfter -->
