<?xml version="1.0" encoding="UTF-8"?>
<!-- Generated by org.testng.reporters.JUnitReportReporter -->
<testsuite hostname="LAPTOP-PROF89OK" failures="0" tests="2" name="Project.BeforeAndAftermethod" time="0.022" errors="0" timestamp="2023-03-29T10:33:03 IST" skipped="0">
  <testcase classname="Project.BeforeAndAftermethod" name="f3" time="0.017"/>
  <system-out/>
  <testcase classname="Project.BeforeAndAftermethod" name="f4" time="0.005"/>
  <system-out/>
</testsuite> <!-- Project.BeforeAndAftermethod -->
